2018-10-07 23:41:22 db::dbConnect [INFO] - Estiblishing Database Connection.
2018-10-07 23:41:23 db::dbConnect [INFO] - Database Connection Estiblished.
2018-10-07 23:41:42 db::dbConnect [INFO] - Estiblishing Database Connection.
2018-10-07 23:41:42 db::dbConnect [INFO] - Database Connection Estiblished.
2018-10-07 23:41:55 db::dbConnect [INFO] - Estiblishing Database Connection.
2018-10-07 23:41:55 db::dbConnect [INFO] - Database Connection Estiblished.
2018-10-07 23:41:55 main::main [ERROR] - userService :: Database Connection Failed
2018-10-07 23:42:10 db::dbConnect [INFO] - Estiblishing Database Connection.
2018-10-07 23:42:10 db::dbConnect [INFO] - Database Connection Estiblished.
2018-10-07 23:42:10 main::main [ERROR] - userService :: Database Connection Failed
2018-10-07 23:42:14 db::dbConnect [INFO] - Estiblishing Database Connection.
2018-10-07 23:42:14 db::dbConnect [INFO] - Database Connection Estiblished.
2018-10-07 23:42:14 main::main [ERROR] - userService :: Database Connection Failed
2018-10-07 23:42:15 db::dbConnect [INFO] - Estiblishing Database Connection.
2018-10-07 23:42:15 db::dbConnect [INFO] - Database Connection Estiblished.
2018-10-07 23:42:15 main::main [ERROR] - userService :: Database Connection Failed
2018-10-07 23:43:03 db::dbConnect [INFO] - Estiblishing Database Connection.
2018-10-07 23:43:03 db::dbConnect [INFO] - Database Connection Estiblished.
2018-10-07 23:43:03 main::main [ERROR] - userService :: Database Connection Failed
2018-10-07 23:43:29 db::dbConnect [INFO] - Estiblishing Database Connection.
2018-10-07 23:43:29 db::dbConnect [INFO] - Database Connection Estiblished.
2018-10-07 23:43:29 main::main [ERROR] - userService :: Database Connection Failed
2018-10-07 23:46:22 db::dbConnect [INFO] - Estiblishing Database Connection.
2018-10-07 23:46:22 db::dbConnect [INFO] - Database Connection Estiblished.
2018-10-07 23:46:22 main::main [ERROR] - userService :: Database Connection Failed
2018-10-07 23:46:25 db::dbConnect [INFO] - Estiblishing Database Connection.
2018-10-07 23:46:25 db::dbConnect [INFO] - Database Connection Estiblished.
2018-10-07 23:46:25 main::main [ERROR] - userService :: Database Connection Failed
2018-10-07 23:46:26 db::dbConnect [INFO] - Estiblishing Database Connection.
2018-10-07 23:46:26 db::dbConnect [INFO] - Database Connection Estiblished.
2018-10-07 23:46:26 main::main [ERROR] - userService :: Database Connection Failed
2018-10-07 23:46:27 db::dbConnect [INFO] - Estiblishing Database Connection.
2018-10-07 23:46:27 db::dbConnect [INFO] - Database Connection Estiblished.
2018-10-07 23:46:27 main::main [ERROR] - userService :: Database Connection Failed
2018-10-07 23:46:28 db::dbConnect [INFO] - Estiblishing Database Connection.
2018-10-07 23:46:28 db::dbConnect [INFO] - Database Connection Estiblished.
2018-10-07 23:46:28 main::main [ERROR] - userService :: Database Connection Failed
2018-10-07 23:46:29 db::dbConnect [INFO] - Estiblishing Database Connection.
2018-10-07 23:46:29 db::dbConnect [INFO] - Database Connection Estiblished.
2018-10-07 23:46:29 main::main [ERROR] - userService :: Database Connection Failed
2018-10-07 23:47:00 db::dbConnect [INFO] - Estiblishing Database Connection.
2018-10-07 23:47:00 db::dbConnect [INFO] - Database Connection Estiblished.
2018-10-07 23:47:00 main::main [ERROR] - userService :: Database Connection Failed
2018-10-07 23:47:27 db::dbConnect [INFO] - Estiblishing Database Connection.
2018-10-07 23:47:27 db::dbConnect [INFO] - Database Connection Estiblished.
2018-10-07 23:47:27 main::main [ERROR] - userService :: Database Connection Failed
2018-10-07 23:47:57 db::dbConnect [INFO] - Estiblishing Database Connection.
2018-10-07 23:47:58 db::dbConnect [INFO] - Database Connection Estiblished.
2018-10-07 23:47:58 main::main [ERROR] - userService :: Database Connection Failed
2018-10-07 23:48:07 db::dbConnect [INFO] - Estiblishing Database Connection.
2018-10-07 23:48:07 db::dbConnect [INFO] - Database Connection Estiblished.
2018-10-07 23:48:07 main::main [ERROR] - userService :: Database Connection Failed
2018-10-07 23:48:16 db::dbConnect [INFO] - Estiblishing Database Connection.
2018-10-07 23:48:16 db::dbConnect [INFO] - Database Connection Estiblished.
2018-10-07 23:48:16 main::main [ERROR] - userService :: Database Connection Failed
2018-10-07 23:48:33 db::dbConnect [INFO] - Estiblishing Database Connection.
2018-10-07 23:48:33 db::dbConnect [INFO] - Database Connection Estiblished.
2018-10-07 23:48:33 main::main [ERROR] - userService :: Database Connection Failed
2018-10-07 23:48:55 db::dbConnect [INFO] - Estiblishing Database Connection.
2018-10-07 23:48:55 db::dbConnect [INFO] - Database Connection Estiblished.
2018-10-07 23:48:57 db::dbConnect [INFO] - Estiblishing Database Connection.
2018-10-07 23:48:57 db::dbConnect [INFO] - Database Connection Estiblished.
2018-10-07 23:49:37 db::dbConnect [INFO] - Estiblishing Database Connection.
2018-10-07 23:49:37 db::dbConnect [INFO] - Database Connection Estiblished.
2018-10-07 23:49:42 db::dbConnect [INFO] - Estiblishing Database Connection.
2018-10-07 23:49:42 db::dbConnect [INFO] - Database Connection Estiblished.
2018-10-07 23:49:59 db::dbConnect [INFO] - Estiblishing Database Connection.
2018-10-07 23:49:59 db::dbConnect [INFO] - Database Connection Estiblished.
2018-10-07 23:50:01 db::dbConnect [INFO] - Estiblishing Database Connection.
2018-10-07 23:50:01 db::dbConnect [INFO] - Database Connection Estiblished.
2018-10-07 23:50:14 db::dbConnect [INFO] - Estiblishing Database Connection.
2018-10-07 23:50:14 db::dbConnect [INFO] - Database Connection Estiblished.
2018-10-07 23:50:32 db::dbConnect [INFO] - Estiblishing Database Connection.
2018-10-07 23:50:32 db::dbConnect [INFO] - Database Connection Estiblished.
2018-10-07 23:50:52 db::dbConnect [INFO] - Estiblishing Database Connection.
2018-10-07 23:50:52 db::dbConnect [INFO] - Database Connection Estiblished.
2018-10-07 23:50:52 main::main [ERROR] - userService :: Database Connection Failed
2018-10-07 23:51:17 db::dbConnect [INFO] - Estiblishing Database Connection.
2018-10-07 23:51:17 db::dbConnect [INFO] - Database Connection Estiblished.
2018-10-07 23:51:17 main::main [ERROR] - userService :: Database Connection Failed
2018-10-07 23:55:07 db::dbConnect [INFO] - Estiblishing Database Connection.
2018-10-07 23:55:07 db::dbConnect [INFO] - Database Connection Estiblished.
2018-10-07 23:55:07 main::main [WARN] - userService :: No Service Selected
2018-10-07 23:57:01 db::dbConnect [INFO] - Estiblishing Database Connection.
2018-10-07 23:57:01 db::dbConnect [INFO] - Database Connection Estiblished.
2018-10-07 23:57:01 main::main [WARN] - userService :: No Service Selected
2018-10-07 23:58:20 db::dbConnect [INFO] - Estiblishing Database Connection.
2018-10-07 23:58:20 db::dbConnect [INFO] - Database Connection Estiblished.
2018-10-07 23:58:20 main::main [INFO] - userService :: signUp Called
2018-10-07 23:58:31 db::dbConnect [INFO] - Estiblishing Database Connection.
2018-10-07 23:58:31 db::dbConnect [INFO] - Database Connection Estiblished.
2018-10-07 23:58:31 main::main [INFO] - userService :: signUp Called
